2023-01-04 11:44:00,182 INFO org.springframework.boot.SpringApplication: No active profile set, falling back to 1 default profile: "default"
2023-01-04 11:44:12,218 INFO org.springframework.boot.StartupInfoLogger: Started ApplicaitonApplication in 15.993 seconds (JVM running for 17.504)
2023-01-04 11:45:20,922 TRACE com.test.application.controller.UserController: A TRACE Message
2023-01-04 11:45:20,924 DEBUG com.test.application.controller.UserController: A DEBUG Message
2023-01-04 11:45:20,926 INFO com.test.application.controller.UserController: An INFO Message
2023-01-04 11:45:20,929 WARN com.test.application.controller.UserController: A WARN Message
2023-01-04 11:45:20,931 ERROR com.test.application.controller.UserController: An ERROR Message
2023-01-04 11:45:22,068 TRACE com.test.application.controller.UserController: A TRACE Message
2023-01-04 11:45:22,069 DEBUG com.test.application.controller.UserController: A DEBUG Message
2023-01-04 11:45:22,069 INFO com.test.application.controller.UserController: An INFO Message
2023-01-04 11:45:22,070 WARN com.test.application.controller.UserController: A WARN Message
2023-01-04 11:45:22,070 ERROR com.test.application.controller.UserController: An ERROR Message
2023-01-04 11:45:22,508 TRACE com.test.application.controller.UserController: A TRACE Message
2023-01-04 11:45:22,509 DEBUG com.test.application.controller.UserController: A DEBUG Message
2023-01-04 11:45:22,510 INFO com.test.application.controller.UserController: An INFO Message
2023-01-04 11:45:22,511 WARN com.test.application.controller.UserController: A WARN Message
2023-01-04 11:45:22,514 ERROR com.test.application.controller.UserController: An ERROR Message
2023-01-04 11:45:22,928 TRACE com.test.application.controller.UserController: A TRACE Message
2023-01-04 11:45:22,929 DEBUG com.test.application.controller.UserController: A DEBUG Message
2023-01-04 11:45:22,929 INFO com.test.application.controller.UserController: An INFO Message
2023-01-04 11:45:22,931 WARN com.test.application.controller.UserController: A WARN Message
2023-01-04 11:45:22,931 ERROR com.test.application.controller.UserController: An ERROR Message
2023-01-04 11:45:23,360 TRACE com.test.application.controller.UserController: A TRACE Message
2023-01-04 11:45:23,361 DEBUG com.test.application.controller.UserController: A DEBUG Message
2023-01-04 11:45:23,362 INFO com.test.application.controller.UserController: An INFO Message
2023-01-04 11:45:23,363 WARN com.test.application.controller.UserController: A WARN Message
2023-01-04 11:45:23,363 ERROR com.test.application.controller.UserController: An ERROR Message
2023-01-04 11:45:23,887 TRACE com.test.application.controller.UserController: A TRACE Message
2023-01-04 11:45:23,888 DEBUG com.test.application.controller.UserController: A DEBUG Message
2023-01-04 11:45:23,888 INFO com.test.application.controller.UserController: An INFO Message
2023-01-04 11:45:23,889 WARN com.test.application.controller.UserController: A WARN Message
2023-01-04 11:45:23,889 ERROR com.test.application.controller.UserController: An ERROR Message
2023-01-04 11:45:24,309 TRACE com.test.application.controller.UserController: A TRACE Message
2023-01-04 11:45:24,311 DEBUG com.test.application.controller.UserController: A DEBUG Message
2023-01-04 11:45:24,312 INFO com.test.application.controller.UserController: An INFO Message
2023-01-04 11:45:24,312 WARN com.test.application.controller.UserController: A WARN Message
2023-01-04 11:45:24,313 ERROR com.test.application.controller.UserController: An ERROR Message
2023-01-04 11:45:36,835 TRACE com.test.application.controller.UserController: A TRACE Message
2023-01-04 11:45:36,835 DEBUG com.test.application.controller.UserController: A DEBUG Message
2023-01-04 11:45:36,836 INFO com.test.application.controller.UserController: An INFO Message
2023-01-04 11:45:36,836 WARN com.test.application.controller.UserController: A WARN Message
2023-01-04 11:45:36,837 ERROR com.test.application.controller.UserController: An ERROR Message
2023-01-04 11:45:37,280 TRACE com.test.application.controller.UserController: A TRACE Message
2023-01-04 11:45:37,282 DEBUG com.test.application.controller.UserController: A DEBUG Message
2023-01-04 11:45:37,282 INFO com.test.application.controller.UserController: An INFO Message
2023-01-04 11:45:37,283 WARN com.test.application.controller.UserController: A WARN Message
2023-01-04 11:45:37,283 ERROR com.test.application.controller.UserController: An ERROR Message
2023-01-04 11:45:37,699 TRACE com.test.application.controller.UserController: A TRACE Message
2023-01-04 11:45:37,701 DEBUG com.test.application.controller.UserController: A DEBUG Message
2023-01-04 11:45:37,701 INFO com.test.application.controller.UserController: An INFO Message
2023-01-04 11:45:37,702 WARN com.test.application.controller.UserController: A WARN Message
2023-01-04 11:45:37,702 ERROR com.test.application.controller.UserController: An ERROR Message
2023-01-04 11:45:38,231 TRACE com.test.application.controller.UserController: A TRACE Message
2023-01-04 11:45:38,233 DEBUG com.test.application.controller.UserController: A DEBUG Message
2023-01-04 11:45:38,233 INFO com.test.application.controller.UserController: An INFO Message
2023-01-04 11:45:38,234 WARN com.test.application.controller.UserController: A WARN Message
2023-01-04 11:45:38,234 ERROR com.test.application.controller.UserController: An ERROR Message
2023-01-04 11:45:38,703 TRACE com.test.application.controller.UserController: A TRACE Message
2023-01-04 11:45:38,704 DEBUG com.test.application.controller.UserController: A DEBUG Message
2023-01-04 11:45:38,705 INFO com.test.application.controller.UserController: An INFO Message
2023-01-04 11:45:38,707 WARN com.test.application.controller.UserController: A WARN Message
2023-01-04 11:45:38,708 ERROR com.test.application.controller.UserController: An ERROR Message
