2023-01-13 16:25:49,388 INFO org.springframework.boot.SpringApplication: No active profile set, falling back to 1 default profile: "default"
2023-01-13 16:25:57,582 INFO org.springframework.boot.StartupInfoLogger: Started ApplicaitonApplication in 10.918 seconds (JVM running for 11.632)
2023-01-13 16:26:04,483 INFO com.test.application.service.UserServiceImpl: Started adding user with userId:66c21db9-07e7-4adf-bb16-dde99ef9ea35
2023-01-13 16:29:29,202 INFO org.springframework.boot.SpringApplication: No active profile set, falling back to 1 default profile: "default"
2023-01-13 16:29:37,307 INFO org.springframework.boot.StartupInfoLogger: Started ApplicaitonApplication in 10.396 seconds (JVM running for 11.001)
2023-01-13 16:29:57,331 INFO com.test.application.service.UserServiceImpl: Fetching users by name:Ash
2023-01-13 16:30:24,140 INFO com.test.application.service.UserServiceImpl: Fetching all users list
2023-01-13 16:30:36,462 INFO com.test.application.service.UserServiceImpl: Fetching users by name:nni
2023-01-13 16:31:31,027 INFO com.test.application.service.UserServiceImpl: Fetching users by name:shu
2023-01-13 16:31:43,438 INFO com.test.application.service.UserServiceImpl: Fetching users by name:shu
2023-01-13 16:33:24,598 INFO org.springframework.boot.SpringApplication: No active profile set, falling back to 1 default profile: "default"
2023-01-13 16:33:32,213 INFO org.springframework.boot.StartupInfoLogger: Started ApplicaitonApplication in 9.828 seconds (JVM running for 10.467)
2023-01-13 16:33:39,676 INFO com.test.application.service.UserServiceImpl: Fetching users by name:shu
2023-01-13 16:34:07,699 INFO com.test.application.service.UserServiceImpl: Fetching users by name:Ashu
2023-01-13 16:36:52,614 INFO org.springframework.boot.SpringApplication: No active profile set, falling back to 1 default profile: "default"
2023-01-13 16:36:59,910 INFO org.springframework.boot.StartupInfoLogger: Started ApplicaitonApplication in 9.381 seconds (JVM running for 10.02)
2023-01-13 16:37:06,894 INFO com.test.application.service.UserServiceImpl: Fetching users by name:Ashu
2023-01-13 16:37:18,320 INFO com.test.application.service.UserServiceImpl: Fetching all users list
2023-01-13 16:37:25,088 INFO com.test.application.service.UserServiceImpl: Fetching users by name:Ashu
2023-01-13 16:37:33,522 INFO com.test.application.service.UserServiceImpl: Fetching users by name:Ashu
2023-01-13 16:40:01,393 INFO org.springframework.boot.SpringApplication: No active profile set, falling back to 1 default profile: "default"
2023-01-13 16:40:09,249 INFO org.springframework.boot.StartupInfoLogger: Started ApplicaitonApplication in 10.092 seconds (JVM running for 10.696)
2023-01-13 16:40:19,914 INFO com.test.application.service.UserServiceImpl: Fetching all users list
2023-01-13 16:40:26,366 INFO com.test.application.service.UserServiceImpl: Fetching users by name:Ashu
2023-01-13 16:44:02,560 INFO org.springframework.boot.SpringApplication: No active profile set, falling back to 1 default profile: "default"
2023-01-13 16:44:10,074 INFO org.springframework.boot.StartupInfoLogger: Started ApplicaitonApplication in 9.698 seconds (JVM running for 10.285)
2023-01-13 16:44:31,030 INFO com.test.application.service.UserServiceImpl: Fetching users by name:Ashu
2023-01-13 16:48:22,289 INFO org.springframework.boot.SpringApplication: No active profile set, falling back to 1 default profile: "default"
2023-01-13 16:48:30,829 INFO org.springframework.boot.StartupInfoLogger: Started ApplicaitonApplication in 10.817 seconds (JVM running for 11.443)
2023-01-13 16:48:39,738 INFO com.test.application.service.UserServiceImpl: Fetching users by name:Ashu
2023-01-13 16:48:53,376 INFO com.test.application.service.UserServiceImpl: Fetching users by name:Ashu
2023-01-13 16:49:46,095 INFO org.springframework.boot.SpringApplication: No active profile set, falling back to 1 default profile: "default"
2023-01-13 16:49:56,195 INFO org.springframework.boot.StartupInfoLogger: Started ApplicaitonApplication in 12.728 seconds (JVM running for 13.416)
2023-01-13 16:49:58,960 INFO org.springframework.boot.SpringApplication: No active profile set, falling back to 1 default profile: "default"
2023-01-13 16:50:06,924 INFO org.springframework.boot.StartupInfoLogger: Started ApplicaitonApplication in 10.249 seconds (JVM running for 10.909)
2023-01-13 16:50:21,877 INFO com.test.application.service.UserServiceImpl: Fetching users by name:Ashu
2023-01-13 16:51:51,481 INFO org.springframework.boot.SpringApplication: No active profile set, falling back to 1 default profile: "default"
2023-01-13 16:52:01,824 INFO org.springframework.boot.StartupInfoLogger: Started ApplicaitonApplication in 13.159 seconds (JVM running for 13.792)
2023-01-13 16:52:04,131 INFO org.springframework.boot.SpringApplication: No active profile set, falling back to 1 default profile: "default"
2023-01-13 16:52:57,383 INFO com.test.application.service.UserServiceImpl: Fetching users by name:Ashu
2023-01-13 16:52:59,633 INFO com.test.application.service.UserServiceImpl: Fetching users by name:Ashu
2023-01-13 17:06:23,941 INFO org.springframework.boot.SpringApplication: No active profile set, falling back to 1 default profile: "default"
2023-01-13 17:08:10,349 INFO org.springframework.boot.SpringApplication: No active profile set, falling back to 1 default profile: "default"
2023-01-13 17:08:17,630 INFO org.springframework.boot.StartupInfoLogger: Started ApplicaitonApplication in 9.779 seconds (JVM running for 10.371)
2023-01-13 17:12:03,517 INFO com.test.application.service.UserServiceImpl: Fetching all users list
2023-01-13 17:12:07,181 INFO com.test.application.service.UserServiceImpl: Fetching users by name:Ashu
2023-01-13 17:12:07,239 DEBUG com.test.application.service.UserServiceImpl: Data is:d2906f35-b55c-4fb0-bfd2-e1cbe39091ac
2023-01-13 17:14:04,311 INFO com.test.application.service.UserServiceImpl: Fetching users by name:Au
2023-01-13 17:17:08,518 INFO org.springframework.boot.SpringApplication: No active profile set, falling back to 1 default profile: "default"
2023-01-13 17:17:20,190 INFO org.springframework.boot.StartupInfoLogger: Started ApplicaitonApplication in 14.4 seconds (JVM running for 15.074)
2023-01-13 17:17:56,004 INFO com.test.application.service.UserServiceImpl: Fetching all users list
2023-01-13 17:18:04,726 INFO com.test.application.service.UserServiceImpl: Fetching users by name:Ash
2023-01-13 17:18:04,792 DEBUG com.test.application.service.UserServiceImpl: Data is:d2906f35-b55c-4fb0-bfd2-e1cbe39091ac
2023-01-13 17:18:31,655 INFO org.springframework.boot.SpringApplication: No active profile set, falling back to 1 default profile: "default"
2023-01-13 17:18:39,277 INFO org.springframework.boot.StartupInfoLogger: Started ApplicaitonApplication in 9.814 seconds (JVM running for 10.467)
2023-01-13 17:19:20,042 INFO org.springframework.boot.SpringApplication: No active profile set, falling back to 1 default profile: "default"
2023-01-13 17:19:27,610 INFO org.springframework.boot.StartupInfoLogger: Started ApplicaitonApplication in 9.751 seconds (JVM running for 10.395)
2023-01-13 17:20:42,480 INFO org.springframework.boot.SpringApplication: No active profile set, falling back to 1 default profile: "default"
2023-01-13 17:20:54,211 INFO org.springframework.boot.StartupInfoLogger: Started ApplicaitonApplication in 14.71 seconds (JVM running for 15.453)
2023-01-13 17:24:46,036 INFO org.springframework.boot.SpringApplication: No active profile set, falling back to 1 default profile: "default"
2023-01-13 17:24:53,465 INFO org.springframework.boot.StartupInfoLogger: Started ApplicaitonApplication in 9.556 seconds (JVM running for 10.15)
2023-01-13 17:25:07,238 INFO org.springframework.boot.SpringApplication: No active profile set, falling back to 1 default profile: "default"
2023-01-13 17:25:15,222 INFO org.springframework.boot.StartupInfoLogger: Started ApplicaitonApplication in 10.16 seconds (JVM running for 10.753)
2023-01-13 17:25:28,732 INFO org.springframework.boot.SpringApplication: No active profile set, falling back to 1 default profile: "default"
2023-01-13 17:35:31,008 INFO org.springframework.boot.SpringApplication: No active profile set, falling back to 1 default profile: "default"
2023-01-13 17:35:39,123 INFO org.springframework.boot.StartupInfoLogger: Started ApplicaitonApplication in 10.74 seconds (JVM running for 11.315)
2023-01-13 17:36:40,644 INFO org.springframework.boot.SpringApplication: No active profile set, falling back to 1 default profile: "default"
2023-01-13 17:36:52,160 INFO org.springframework.boot.StartupInfoLogger: Started ApplicaitonApplication in 14.599 seconds (JVM running for 15.399)
